<?xml version="1.0" encoding="UTF-8"?>
<testsuite xmlns:xsi="http://www.w3.org/2001/XMLSchema-instance" xsi:noNamespaceSchemaLocation="https://maven.apache.org/surefire/maven-surefire-plugin/xsd/surefire-test-report-3.0.xsd" version="3.0" name="cardgame.CardGameTest" time="0.15" tests="6" errors="0" skipped="0" failures="0">
  <properties>
    <property name="awt.toolkit" value="sun.awt.X11.XToolkit"/>
    <property name="java.specification.version" value="11"/>
    <property name="sun.cpu.isalist" value=""/>
    <property name="sun.jnu.encoding" value="UTF-8"/>
    <property name="java.class.path" value="/workspaces/ECM2414/target/test-classes:/workspaces/ECM2414/target/classes:/home/codespace/.m2/repository/org/junit/jupiter/junit-jupiter/5.14.0/junit-jupiter-5.14.0.jar:/home/codespace/.m2/repository/org/junit/jupiter/junit-jupiter-api/5.14.0/junit-jupiter-api-5.14.0.jar:/home/codespace/.m2/repository/org/opentest4j/opentest4j/1.3.0/opentest4j-1.3.0.jar:/home/codespace/.m2/repository/org/junit/platform/junit-platform-commons/1.14.0/junit-platform-commons-1.14.0.jar:/home/codespace/.m2/repository/org/apiguardian/apiguardian-api/1.1.2/apiguardian-api-1.1.2.jar:/home/codespace/.m2/repository/org/junit/jupiter/junit-jupiter-params/5.14.0/junit-jupiter-params-5.14.0.jar:/home/codespace/.m2/repository/org/junit/jupiter/junit-jupiter-engine/5.14.0/junit-jupiter-engine-5.14.0.jar:/home/codespace/.m2/repository/org/junit/platform/junit-platform-engine/1.14.0/junit-platform-engine-1.14.0.jar:"/>
    <property name="java.vm.vendor" value="Microsoft"/>
    <property name="sun.arch.data.model" value="64"/>
    <property name="java.vendor.url" value="https://www.microsoft.com"/>
    <property name="user.timezone" value=""/>
    <property name="java.vm.specification.version" value="11"/>
    <property name="os.name" value="Linux"/>
    <property name="sun.java.launcher" value="SUN_STANDARD"/>
    <property name="sun.boot.library.path" value="/opt/java/11.0.14/lib"/>
    <property name="sun.java.command" value="/workspaces/ECM2414/target/surefire/surefirebooter-20251026183741433_3.jar /workspaces/ECM2414/target/surefire 2025-10-26T18-37-41_204-jvmRun1 surefire-20251026183741433_1tmp surefire_0-20251026183741433_2tmp"/>
    <property name="jdk.debug" value="release"/>
    <property name="surefire.test.class.path" value="/workspaces/ECM2414/target/test-classes:/workspaces/ECM2414/target/classes:/home/codespace/.m2/repository/org/junit/jupiter/junit-jupiter/5.14.0/junit-jupiter-5.14.0.jar:/home/codespace/.m2/repository/org/junit/jupiter/junit-jupiter-api/5.14.0/junit-jupiter-api-5.14.0.jar:/home/codespace/.m2/repository/org/opentest4j/opentest4j/1.3.0/opentest4j-1.3.0.jar:/home/codespace/.m2/repository/org/junit/platform/junit-platform-commons/1.14.0/junit-platform-commons-1.14.0.jar:/home/codespace/.m2/repository/org/apiguardian/apiguardian-api/1.1.2/apiguardian-api-1.1.2.jar:/home/codespace/.m2/repository/org/junit/jupiter/junit-jupiter-params/5.14.0/junit-jupiter-params-5.14.0.jar:/home/codespace/.m2/repository/org/junit/jupiter/junit-jupiter-engine/5.14.0/junit-jupiter-engine-5.14.0.jar:/home/codespace/.m2/repository/org/junit/platform/junit-platform-engine/1.14.0/junit-platform-engine-1.14.0.jar:"/>
    <property name="sun.cpu.endian" value="little"/>
    <property name="user.home" value="/home/codespace"/>
    <property name="user.language" value="en"/>
    <property name="java.specification.vendor" value="Oracle Corporation"/>
    <property name="java.version.date" value="2022-02-08"/>
    <property name="java.home" value="/opt/java/11.0.14"/>
    <property name="file.separator" value="/"/>
    <property name="basedir" value="/workspaces/ECM2414"/>
    <property name="java.vm.compressedOopsMode" value="32-bit"/>
    <property name="line.separator" value="&#10;"/>
    <property name="java.specification.name" value="Java Platform API Specification"/>
    <property name="java.vm.specification.vendor" value="Oracle Corporation"/>
    <property name="java.awt.graphicsenv" value="sun.awt.X11GraphicsEnvironment"/>
    <property name="surefire.real.class.path" value="/workspaces/ECM2414/target/surefire/surefirebooter-20251026183741433_3.jar"/>
    <property name="sun.management.compiler" value="HotSpot 64-Bit Tiered Compilers"/>
    <property name="java.runtime.version" value="11.0.14.1+1-LTS"/>
    <property name="user.name" value="codespace"/>
    <property name="path.separator" value=":"/>
    <property name="os.version" value="6.8.0-1030-azure"/>
    <property name="java.runtime.name" value="OpenJDK Runtime Environment"/>
    <property name="file.encoding" value="UTF-8"/>
    <property name="java.vm.name" value="OpenJDK 64-Bit Server VM"/>
    <property name="java.vendor.version" value="Microsoft-31205"/>
    <property name="localRepository" value="/home/codespace/.m2/repository"/>
    <property name="java.vendor.url.bug" value="https://github.com/microsoft/openjdk/issues"/>
    <property name="java.io.tmpdir" value="/tmp"/>
    <property name="java.version" value="11.0.14.1"/>
    <property name="user.dir" value="/workspaces/ECM2414"/>
    <property name="os.arch" value="amd64"/>
    <property name="java.vm.specification.name" value="Java Virtual Machine Specification"/>
    <property name="java.awt.printerjob" value="sun.print.PSPrinterJob"/>
    <property name="sun.os.patch.level" value="unknown"/>
    <property name="java.library.path" value="/usr/java/packages/lib:/usr/lib64:/lib64:/lib:/usr/lib"/>
    <property name="java.vm.info" value="mixed mode"/>
    <property name="java.vendor" value="Microsoft"/>
    <property name="java.vm.version" value="11.0.14.1+1-LTS"/>
    <property name="sun.io.unicode.encoding" value="UnicodeLittle"/>
    <property name="java.class.version" value="55.0"/>
  </properties>
  <testcase name="emptyLineTest(Path)" classname="cardgame.CardGameTest" time="0.079">
    <system-out><![CDATA[Error: Empty line at line 2
]]></system-out>
  </testcase>
  <testcase name="validFileTest(Path)" classname="cardgame.CardGameTest" time="0.003"/>
  <testcase name="cardValuesInRangeTest(Path)" classname="cardgame.CardGameTest" time="0.033">
    <system-out><![CDATA[Generated input file '/tmp/junit-12943592470257836640/generated.txt' with 32 cards.
]]></system-out>
  </testcase>
  <testcase name="invalidCardValueTest(Path)" classname="cardgame.CardGameTest" time="0.008">
    <system-out><![CDATA[Error: Card value must be between 1 and 13 at line 2: 0
]]></system-out>
  </testcase>
  <testcase name="nonExistentFileTest" classname="cardgame.CardGameTest" time="0.004">
    <system-out><![CDATA[Pack file not found.
]]></system-out>
  </testcase>
  <testcase name="createsCorrectNumberOfCardsTest(Path)" classname="cardgame.CardGameTest" time="0.006">
    <system-out><![CDATA[Generated input file '/tmp/junit-2094033123770865780/generated.txt' with 32 cards.
]]></system-out>
  </testcase>
</testsuite>